Using pre-set license
Built from '2020.3/staging' branch; Version is '2020.3.8f1 (507919d4fff5) revision 5273881'; Using compiler version '192528614'; Build Type 'Release'
OS: 'Windows 10 Home; OS build 19041.985; Version 2004; 64bit' Language: 'en' Physical Memory: 16193 MB
BatchMode: 1, IsHumanControllingUs: 0, StartBugReporterOnCrash: 0, Is64bit: 1, IsPro: 0

 COMMAND LINE ARGUMENTS:
D:\Program Files\Unity 2020\Unity\Editor\Unity.exe
-adb2
-batchMode
-noUpm
-name
AssetImportWorker0
-projectPath
D:/Unity Projects/GitHub/Facility/Facility
-logFile
Logs/AssetImportWorker0.log
-srvPort
56040
Successfully changed project path to: D:/Unity Projects/GitHub/Facility/Facility
D:/Unity Projects/GitHub/Facility/Facility
Using Asset Import Pipeline V2.
Refreshing native plugins compatible for Editor in 22.77 ms, found 0 plugins.
Preloading 0 native plugins for Editor in 0.00 ms.
Initialize engine version: 2020.3.8f1 (507919d4fff5)
[Subsystems] Discovering subsystems at path D:/Program Files/Unity 2020/Unity/Editor/Data/Resources/UnitySubsystems
[Subsystems] Discovering subsystems at path D:/Unity Projects/GitHub/Facility/Facility/Assets
GfxDevice: creating device client; threaded=0
Direct3D:
    Version:  Direct3D 11.0 [level 11.1]
    Renderer: NVIDIA GeForce RTX 2080 Ti (ID=0x1e07)
    Vendor:   
    VRAM:     11049 MB
    Driver:   27.21.14.6137
Initialize mono
Mono path[0] = 'D:/Program Files/Unity 2020/Unity/Editor/Data/Managed'
Mono path[1] = 'D:/Program Files/Unity 2020/Unity/Editor/Data/MonoBleedingEdge/lib/mono/unityjit'
Mono config path = 'D:/Program Files/Unity 2020/Unity/Editor/Data/MonoBleedingEdge/etc'
Using monoOptions --debugger-agent=transport=dt_socket,embedding=1,server=y,suspend=n,address=127.0.0.1:56592
Begin MonoManager ReloadAssembly
Registering precompiled unity dll's ...
Register platform support module: D:/Program Files/Unity 2020/Unity/Editor/Data/PlaybackEngines/WindowsStandaloneSupport/UnityEditor.WindowsStandalone.Extensions.dll
Registered in 0.001242 seconds.
Native extension for WindowsStandalone target not found
Refreshing native plugins compatible for Editor in 21.68 ms, found 0 plugins.
Preloading 0 native plugins for Editor in 0.00 ms.
Mono: successfully reloaded assembly
- Completed reload, in  1.191 seconds
Platform modules already initialized, skipping
Registering precompiled user dll's ...
Registered in 0.001044 seconds.
Begin MonoManager ReloadAssembly
Native extension for WindowsStandalone target not found
Refreshing native plugins compatible for Editor in 0.21 ms, found 0 plugins.
Preloading 0 native plugins for Editor in 0.00 ms.
Mono: successfully reloaded assembly
- Completed reload, in  0.721 seconds
Platform modules already initialized, skipping
========================================================================
Worker process is ready to serve import requests
Launched and connected shader compiler UnityShaderCompiler.exe after 0.04 seconds
Refreshing native plugins compatible for Editor in 0.20 ms, found 0 plugins.
Preloading 0 native plugins for Editor in 0.00 ms.
Unloading 1246 Unused Serialized files (Serialized files now loaded: 0)
System memory in use before: 61.1 MB.
System memory in use after: 61.2 MB.

Unloading 9 unused Assets to reduce memory usage. Loaded Objects now: 1692.
Total: 1.336100 ms (FindLiveObjects: 0.108800 ms CreateObjectMapping: 0.029100 ms MarkObjects: 1.148800 ms  DeleteObjects: 0.048600 ms)

========================================================================
Received Import Request.
  path: Assets/Scripts/Rotate.cs
  artifactKey: Guid(d16a1d2836e659545839b2a59b8133cf) Importer(815301076,1909f56bfc062723c751e8b465ee728b)
Start importing Assets/Scripts/Rotate.cs using Guid(d16a1d2836e659545839b2a59b8133cf) Importer(815301076,1909f56bfc062723c751e8b465ee728b)  -> (artifact id: 'ae9882d64f73d3bf6564c06a1c1bd616') in 0.048739 seconds
  Import took 0.063146 seconds .

========================================================================
Received Prepare
Registering precompiled user dll's ...
Registered in 0.000712 seconds.
Begin MonoManager ReloadAssembly
Native extension for WindowsStandalone target not found
Refreshing native plugins compatible for Editor in 0.22 ms, found 0 plugins.
Preloading 0 native plugins for Editor in 0.00 ms.
Mono: successfully reloaded assembly
- Completed reload, in  0.653 seconds
Platform modules already initialized, skipping
Refreshing native plugins compatible for Editor in 0.21 ms, found 0 plugins.
Preloading 0 native plugins for Editor in 0.00 ms.
Unloading 1240 Unused Serialized files (Serialized files now loaded: 0)
System memory in use before: 61.0 MB.
System memory in use after: 61.1 MB.

Unloading 4 unused Assets to reduce memory usage. Loaded Objects now: 1696.
Total: 1.285900 ms (FindLiveObjects: 0.101400 ms CreateObjectMapping: 0.026600 ms MarkObjects: 1.143800 ms  DeleteObjects: 0.013200 ms)

========================================================================
Received Import Request.
  Time since last request: 71.644878 seconds.
  path: Assets/Scripts/SoundsRandom.cs
  artifactKey: Guid(33ce4f9b4d705e04092da57cab98fb32) Importer(815301076,1909f56bfc062723c751e8b465ee728b)
Start importing Assets/Scripts/SoundsRandom.cs using Guid(33ce4f9b4d705e04092da57cab98fb32) Importer(815301076,1909f56bfc062723c751e8b465ee728b)  -> (artifact id: 'e1396ab65218cfa305e8afddd34983f0') in 0.004445 seconds
  Import took 0.006276 seconds .

========================================================================
Received Import Request.
  Time since last request: 174.980508 seconds.
  path: Assets/Sounds
  artifactKey: Guid(6ece3e323a638394b9841f99bbcc3670) Importer(815301076,1909f56bfc062723c751e8b465ee728b)
Start importing Assets/Sounds using Guid(6ece3e323a638394b9841f99bbcc3670) Importer(815301076,1909f56bfc062723c751e8b465ee728b)  -> (artifact id: '3b40ece22012f6ce1ecfebe20480ad53') in 0.002725 seconds
  Import took 0.004691 seconds .

========================================================================
Received Import Request.
  Time since last request: 10.827755 seconds.
  path: Assets/Sounds/Music
  artifactKey: Guid(f0d981daad9309c40a167c13760893b5) Importer(815301076,1909f56bfc062723c751e8b465ee728b)
Start importing Assets/Sounds/Music using Guid(f0d981daad9309c40a167c13760893b5) Importer(815301076,1909f56bfc062723c751e8b465ee728b)  -> (artifact id: 'e4872de6253864442c5874a0cae9957e') in 0.002359 seconds
  Import took 0.004210 seconds .

========================================================================
Received Import Request.
  Time since last request: 0.054416 seconds.
  path: Assets/Sounds/Music/Light Off.mp3
  artifactKey: Guid(95d40326ea807b841851a0c9b0d6d774) Importer(815301076,1909f56bfc062723c751e8b465ee728b)
Start importing Assets/Sounds/Music/Light Off.mp3 using Guid(95d40326ea807b841851a0c9b0d6d774) Importer(815301076,1909f56bfc062723c751e8b465ee728b)  -> (artifact id: '94ab398369efc8adcc265679be0ab6d3') in 0.085790 seconds
  Import took 0.087527 seconds .

========================================================================
Received Import Request.
  Time since last request: 0.000286 seconds.
  path: Assets/Sounds/Music/Light On.mp3
  artifactKey: Guid(e6b40b5db8ac1694d968494f1d668e3d) Importer(815301076,1909f56bfc062723c751e8b465ee728b)
Start importing Assets/Sounds/Music/Light On.mp3 using Guid(e6b40b5db8ac1694d968494f1d668e3d) Importer(815301076,1909f56bfc062723c751e8b465ee728b)  -> (artifact id: 'a5c12404865d4cbafd376a0248edeea6') in 0.032941 seconds
  Import took 0.034526 seconds .

========================================================================
Received Import Request.
  Time since last request: 0.000237 seconds.
  path: Assets/Sounds/Music/Light On 2.mp3
  artifactKey: Guid(ad54d14d789cbb94a87bbe1481098c2e) Importer(815301076,1909f56bfc062723c751e8b465ee728b)
Start importing Assets/Sounds/Music/Light On 2.mp3 using Guid(ad54d14d789cbb94a87bbe1481098c2e) Importer(815301076,1909f56bfc062723c751e8b465ee728b)  -> (artifact id: 'db3bc1b1ef6420ae9a213364ad78c84c') in 0.007980 seconds
  Import took 0.029398 seconds .

========================================================================
Received Prepare
Registering precompiled user dll's ...
Registered in 0.000694 seconds.
Begin MonoManager ReloadAssembly
Native extension for WindowsStandalone target not found
Refreshing native plugins compatible for Editor in 0.23 ms, found 0 plugins.
Preloading 0 native plugins for Editor in 0.00 ms.
Mono: successfully reloaded assembly
- Completed reload, in  0.643 seconds
Platform modules already initialized, skipping
Refreshing native plugins compatible for Editor in 0.21 ms, found 0 plugins.
Preloading 0 native plugins for Editor in 0.00 ms.
Unloading 1240 Unused Serialized files (Serialized files now loaded: 0)
System memory in use before: 64.1 MB.
System memory in use after: 64.2 MB.

Unloading 4 unused Assets to reduce memory usage. Loaded Objects now: 1708.
Total: 1.285300 ms (FindLiveObjects: 0.102800 ms CreateObjectMapping: 0.026800 ms MarkObjects: 1.144000 ms  DeleteObjects: 0.010900 ms)

========================================================================
Received Prepare
Registering precompiled user dll's ...
Registered in 0.000800 seconds.
Begin MonoManager ReloadAssembly
Native extension for WindowsStandalone target not found
Refreshing native plugins compatible for Editor in 0.21 ms, found 0 plugins.
Preloading 0 native plugins for Editor in 0.00 ms.
Mono: successfully reloaded assembly
- Completed reload, in  0.646 seconds
Platform modules already initialized, skipping
Refreshing native plugins compatible for Editor in 0.21 ms, found 0 plugins.
Preloading 0 native plugins for Editor in 0.00 ms.
Unloading 1240 Unused Serialized files (Serialized files now loaded: 0)
System memory in use before: 64.1 MB.
System memory in use after: 64.2 MB.

Unloading 4 unused Assets to reduce memory usage. Loaded Objects now: 1711.
Total: 1.491600 ms (FindLiveObjects: 0.105600 ms CreateObjectMapping: 0.028600 ms MarkObjects: 1.345400 ms  DeleteObjects: 0.011200 ms)

========================================================================
Received Import Request.
  Time since last request: 579.622229 seconds.
  path: Assets/Sounds/Music/Light Off.mp3
  artifactKey: Guid(95d40326ea807b841851a0c9b0d6d774) Importer(815301076,1909f56bfc062723c751e8b465ee728b)
Start importing Assets/Sounds/Music/Light Off.mp3 using Guid(95d40326ea807b841851a0c9b0d6d774) Importer(815301076,1909f56bfc062723c751e8b465ee728b)  -> (artifact id: 'd128033ad9c3cc0538a3f9364be07fc6') in 0.038976 seconds
  Import took 0.057105 seconds .

========================================================================
Received Prepare
Registering precompiled user dll's ...
Registered in 0.000764 seconds.
Begin MonoManager ReloadAssembly
Native extension for WindowsStandalone target not found
Refreshing native plugins compatible for Editor in 0.21 ms, found 0 plugins.
Preloading 0 native plugins for Editor in 0.00 ms.
Mono: successfully reloaded assembly
- Completed reload, in  0.647 seconds
Platform modules already initialized, skipping
Refreshing native plugins compatible for Editor in 0.22 ms, found 0 plugins.
Preloading 0 native plugins for Editor in 0.00 ms.
Unloading 1240 Unused Serialized files (Serialized files now loaded: 0)
System memory in use before: 64.1 MB.
System memory in use after: 64.2 MB.

Unloading 4 unused Assets to reduce memory usage. Loaded Objects now: 1715.
Total: 1.587600 ms (FindLiveObjects: 0.159300 ms CreateObjectMapping: 0.030100 ms MarkObjects: 1.386800 ms  DeleteObjects: 0.010700 ms)

========================================================================
Received Import Request.
  Time since last request: 258.043137 seconds.
  path: Assets/Sounds/Music/Light On 2.mp3
  artifactKey: Guid(ad54d14d789cbb94a87bbe1481098c2e) Importer(815301076,1909f56bfc062723c751e8b465ee728b)
Start importing Assets/Sounds/Music/Light On 2.mp3 using Guid(ad54d14d789cbb94a87bbe1481098c2e) Importer(815301076,1909f56bfc062723c751e8b465ee728b)  -> (artifact id: '8a49c7255c59485d4503ad0adcd04f00') in 0.044973 seconds
  Import took 0.046852 seconds .

========================================================================
Received Prepare
Registering precompiled user dll's ...
Registered in 0.000695 seconds.
Begin MonoManager ReloadAssembly
Native extension for WindowsStandalone target not found
Refreshing native plugins compatible for Editor in 0.21 ms, found 0 plugins.
Preloading 0 native plugins for Editor in 0.00 ms.
Mono: successfully reloaded assembly
- Completed reload, in  0.655 seconds
Platform modules already initialized, skipping
Refreshing native plugins compatible for Editor in 0.21 ms, found 0 plugins.
Preloading 0 native plugins for Editor in 0.00 ms.
Unloading 1240 Unused Serialized files (Serialized files now loaded: 0)
System memory in use before: 64.2 MB.
System memory in use after: 64.3 MB.

Unloading 4 unused Assets to reduce memory usage. Loaded Objects now: 1719.
Total: 1.349100 ms (FindLiveObjects: 0.120700 ms CreateObjectMapping: 0.031200 ms MarkObjects: 1.185100 ms  DeleteObjects: 0.011200 ms)

========================================================================
Received Prepare
Registering precompiled user dll's ...
Registered in 0.000785 seconds.
Begin MonoManager ReloadAssembly
Native extension for WindowsStandalone target not found
Refreshing native plugins compatible for Editor in 0.21 ms, found 0 plugins.
Preloading 0 native plugins for Editor in 0.00 ms.
Mono: successfully reloaded assembly
- Completed reload, in  0.641 seconds
Platform modules already initialized, skipping
Refreshing native plugins compatible for Editor in 0.21 ms, found 0 plugins.
Preloading 0 native plugins for Editor in 0.00 ms.
Unloading 1240 Unused Serialized files (Serialized files now loaded: 0)
System memory in use before: 64.2 MB.
System memory in use after: 64.3 MB.

Unloading 4 unused Assets to reduce memory usage. Loaded Objects now: 1722.
Total: 1.308900 ms (FindLiveObjects: 0.105200 ms CreateObjectMapping: 0.028400 ms MarkObjects: 1.163100 ms  DeleteObjects: 0.011500 ms)

AssetImportWorkerClient::OnTransportError - code=2 error=End of file
